<?xml version="1.0" encoding="UTF-8"?>
<!-- Generated by org.testng.reporters.JUnitReportReporter -->
<testsuite hostname="DESKTOP-2BM989P" failures="0" tests="10" name="Test.TestScript" time="90.365" errors="0" timestamp="2024-08-31T18:19:12 IST" skipped="0">
  <testcase classname="Test.TestScript" name="HomePage" time="4.961"/>
  <testcase classname="Test.TestScript" name="HomePage1" time="5.495"/>
  <testcase classname="Test.TestScript" name="KidsAndToys" time="11.563"/>
  <testcase classname="Test.TestScript" name="KidsAndToys1" time="7.148"/>
  <testcase classname="Test.TestScript" name="KidsAndToys2" time="14.387"/>
  <testcase classname="Test.TestScript" name="KidsAndToys3" time="6.753"/>
  <testcase classname="Test.TestScript" name="KidsAndToys4" time="6.648"/>
  <testcase classname="Test.TestScript" name="KidsAndToys5" time="8.031"/>
  <testcase classname="Test.TestScript" name="KidsAndToys6" time="11.802"/>
  <testcase classname="Test.TestScript" name="RemoteControlToys" time="13.577"/>
</testsuite> <!-- Test.TestScript -->
